reports/accuracies_lower_logistic_tfidf.log
Closed test	Min: 0.41	Max: 0.7	Mean: 0.5677777777777777
Open test	Min: 0.37	Max: 0.7	Mean: 0.5388888888888889
reports/accuracies_raw_logistic_tfidf.log
Closed test	Min: 0.41	Max: 0.7	Mean: 0.562
Open test	Min: 0.37	Max: 0.7	Mean: 0.5388888888888889
reports/accuracies_tweet_adaboost_tfidf.log
Closed test	Min: 0.03	Max: 0.33	Mean: 0.1288888888888889
Open test	Min: 0.03	Max: 0.33	Mean: 0.12333333333333332
reports/accuracies_tweet_knn_tfidf.log
Closed test	Min: 0.25	Max: 0.55	Mean: 0.3555555555555555
Open test	Min: 0.23	Max: 0.55	Mean: 0.3388888888888889
reports/accuracies_tweet_knn-N7_tfidf.log
Closed test	Min: 0.25	Max: 0.58	Mean: 0.3422222222222222
Open test	Min: 0.23	Max: 0.58	Mean: 0.3288888888888889
reports/accuracies_tweet_logistic_tfidf.log
Closed test	Min: 0.43	Max: 0.79	Mean: 0.6022222222222222
Open test	Min: 0.4	Max: 0.79	Mean: 0.5744444444444445
reports/accuracies_tweet_logistic-C.5_tfidf.log
Closed test	Min: 0.39	Max: 0.75	Mean: 0.5566666666666666
Open test	Min: 0.36	Max: 0.75	Mean: 0.5311111111111111
reports/accuracies_tweet_logistic-C10_tfidf.log
Closed test	Min: 0.55	Max: 0.78	Mean: 0.672222222222222
Open test	Min: 0.51	Max: 0.78	Mean: 0.6388888888888888
reports/accuracies_tweet_logistic-C20_count-nolower.log
Closed test	Min: 0.38	Max: 0.69	Mean: 0.5377777777777778
Open test	Min: 0.35	Max: 0.69	Mean: 0.5122222222222222
reports/accuracies_tweet_logistic-C20_tfidf.log
Closed test	Min: 0.56	Max: 0.79	Mean: 0.6777777777777776
Open test	Min: 0.51	Max: 0.79	Mean: 0.6455555555555555
reports/accuracies_tweet_logistic-C20_tfidf-bigram.log
Closed test	Min: 0.54	Max: 0.77	Mean: 0.6655555555555556
Open test	Min: 0.5	Max: 0.77	Mean: 0.6333333333333333
reports/accuracies_tweet_logistic-C20_tfidf-bigramonly.log
Closed test	Min: 0.48	Max: 0.74	Mean: 0.6033333333333333
Open test	Min: 0.44	Max: 0.74	Mean: 0.5733333333333334
reports/accuracies_tweet_logistic-C20_tfidf-nolower.log
Closed test	Min: 0.56	Max: 0.8	Mean: 0.6811111111111111
Open test	Min: 0.51	Max: 0.8	Mean: 0.6477777777777778
reports/accuracies_tweet_logistic-C30_tfidf.log
Closed test	Min: 0.56	Max: 0.79	Mean: 0.6766666666666666
Open test	Min: 0.51	Max: 0.79	Mean: 0.6433333333333333
reports/accuracies_tweet_logistic-C40_tfidf.log
Closed test	Min: 0.56	Max: 0.78	Mean: 0.6744444444444443
Open test	Min: 0.51	Max: 0.78	Mean: 0.641111111111111
reports/accuracies_tweet_logistic-C5_tfidf.log
Closed test	Min: 0.54	Max: 0.77	Mean: 0.6577777777777778
Open test	Min: 0.5	Max: 0.77	Mean: 0.6244444444444445
reports/accuracies_tweet_mlp_tfidf.log
Closed test	Min: 0.47	Max: 0.82	Mean: 0.6555555555555554
Open test	Min: 0.43	Max: 0.82	Mean: 0.6233333333333334
reports/accuracies_tweet_mlp-alpha1_tfidf.log
Closed test	Min: 0.05	Max: 0.76	Mean: 0.3622222222222222
Open test	Min: 0.05	Max: 0.76	Mean: 0.3566666666666667
reports/accuracies_tweet_mlp-iter1000_tfidf.log
Closed test	Min: 0.05	Max: 0.76	Mean: 0.3711111111111111
Open test	Min: 0.05	Max: 0.76	Mean: 0.3611111111111111
reports/accuracies_tweet_multiNB_tfidf.log
Closed test	Min: 0.26	Max: 0.58	Mean: 0.36000000000000004
Open test	Min: 0.24	Max: 0.58	Mean: 0.3422222222222222
reports/accuracies_tweet_multiNB_tfidf-nolower.log
Closed test	Min: 0.28	Max: 0.6	Mean: 0.3744444444444445
Open test	Min: 0.26	Max: 0.6	Mean: 0.35888888888888887
reports/accuracies_tweet_rforest_tfidf.log
Closed test	Min: 0.43	Max: 0.73	Mean: 0.5411111111111111
Open test	Min: 0.4	Max: 0.73	Mean: 0.5177777777777778
reports/accuracies_tweet_svc_tfidf.log
Closed test	Min: 0.45	Max: 0.83	Mean: 0.6044444444444443
Open test	Min: 0.41	Max: 0.83	Mean: 0.5755555555555556
reports/accuracies_tweet_svc-C10_tfidf.log
Closed test	Min: 0.5	Max: 0.79	Mean: 0.6311111111111111
Open test	Min: 0.46	Max: 0.79	Mean: 0.6011111111111112
reports/accuracies_tweet_svc-C5_tfidf.log
Closed test	Min: 0.5	Max: 0.8	Mean: 0.6311111111111111
Open test	Min: 0.46	Max: 0.8	Mean: 0.601111111111111
reports/accuracies_tweet_svc-linear_tfidf.log
Closed test	Min: 0.47	Max: 0.81	Mean: 0.6322222222222221
Open test	Min: 0.43	Max: 0.81	Mean: 0.6033333333333333
reports/accuracies_tweet_svc-linear-C10_tfidf.log
Closed test	Min: 0.52	Max: 0.77	Mean: 0.6388888888888888
Open test	Min: 0.47	Max: 0.77	Mean: 0.6066666666666667
reports/accuracies_tweet_svc-linear-C5_tfidf.log
Closed test	Min: 0.52	Max: 0.76	Mean: 0.6466666666666667
Open test	Min: 0.47	Max: 0.76	Mean: 0.6144444444444445
reports/accuracies_tweet_svc-linear-C5_tfidf-nolower.log
Closed test	Min: 0.53	Max: 0.79	Mean: 0.6566666666666667
Open test	Min: 0.48	Max: 0.79	Mean: 0.6233333333333334
reports/accuracies_tweet-lower_logistic_tfidf.log
Closed test	Min: 0.43	Max: 0.79	Mean: 0.6022222222222222
Open test	Min: 0.4	Max: 0.79	Mean: 0.5744444444444445
reports/accuracies_tweet-lower_logistic-C20_tfidf-nolower.log
Closed test	Min: 0.56	Max: 0.79	Mean: 0.6777777777777776
Open test	Min: 0.51	Max: 0.79	Mean: 0.6455555555555555
reports/accuracies_tweet-lower_multiNB_tfidf-nolower.log
Closed test	Min: 0.27	Max: 0.58	Mean: 0.36111111111111116
Open test	Min: 0.24	Max: 0.58	Mean: 0.3422222222222222
reports/accuracies_tweet-lower_multiNB-alpha.5_tfidf-nolower.log
Closed test	Min: 0.3	Max: 0.65	Mean: 0.41111111111111115
Open test	Min: 0.28	Max: 0.65	Mean: 0.3911111111111112
reports/accuracies_tweet-lower_svc-linear-C5_tfidf-nolower.log
Closed test	Min: 0.52	Max: 0.76	Mean: 0.6466666666666667
Open test	Min: 0.47	Max: 0.76	Mean: 0.6144444444444445
reports/accuracies_tweet-lower-reduce_logistic_tfidf.log
Closed test	Min: 0.43	Max: 0.79	Mean: 0.6033333333333333
Open test	Min: 0.39	Max: 0.79	Mean: 0.5744444444444445
reports/accuracies_tweet-reduce_logistic_tfidf.log
Closed test	Min: 0.43	Max: 0.79	Mean: 0.6033333333333333
Open test	Min: 0.39	Max: 0.79	Mean: 0.5744444444444445
reports/accuracies_tweet-reduce-lower_logistic-C20_tfidf-nolower.log
Closed test	Min: 0.56	Max: 0.79	Mean: 0.6777777777777776
Open test	Min: 0.51	Max: 0.79	Mean: 0.6444444444444444
