1YX99F2 top features from logistic regression
?	post	to	name	Here's	that	dun	Rosa	RWBS	show
4VSEFM9 top features from logistic regression
,	...	or	I	Bad	office	very	Anne	And	chicken
7DEUROP top features from logistic regression
...	.	injured	Testing	I'm	urlLink	"	Innocence	,	Beautiful
7JQQ84O top features from logistic regression
"	Party	...	of	Satiric	Two	I	To	i	controls
96TQZLJ top features from logistic regression
...	!	,	the	Kill	Tom	Jo	Max	thanks	thats
AXNX7FB top features from logistic regression
recovery	that	house	Chase	is	Matt	Jim	i	Thy	Book
BGTGOOS top features from logistic regression
,	I	!	i	'	it's	"	the	...	you
G04W97J top features from logistic regression
~	...	·	,	urlLink	said	;	…	:	-
GM24J1X top features from logistic regression
.	was	Alex	Oh	haha	Amanda	I	tho	Today	boring
TA0Q1LV top features from logistic regression
i	!	cigarette	I	blah	...	cup	is	coffee	cowgirl
